<?xml version="1.0" encoding="UTF-8"?>
<testsuites disabled="1"
  errors="0"
  failures="3"
  name="eze report"
  tests="5"
  time="xxx"
>
    <testsuite name="safety"
      time="xxx"
      timestamp="xxx"
      disabled="1"
      errors="0"
      failures="3"
      tests="5"
    >
        <testcase name="safety-ran" classname="safety"></testcase>
        <system-err>Warning: unpinned requirement &apos;blackduck&apos; found in C:/dev/repos/sacbdnotify/requirements.txt, unable to check.
Warning: unpinned requirement &apos;click&apos; found in tests-integration/__fixture__/python/requirements.txt, unable to check.

</system-err>
        <testcase name="dependancy-pip-medium-with-cve-failure-1" classname="dependancy-pip-medium-with-cve">
            <failure message="The mirroring support (-M, --use-mirrors) in Python Pip before 1.5 uses insecure DNS querying and authenticity checks which allows attackers to perform man-in-the-middle attacks."
              type="CVE-2013-5123"
            >Update pip (1.3.0), vulnerable versions: &lt;1.5</failure>
        </testcase>
        <testcase name="dependancy-na-pip-no-cve-failure-2" classname="dependancy-na-pip-no-cve">
            <failure message="The pip package before 19.2 for Python allows Directory Traversal when a URL is given in an install command, because a Content-Disposition header can have ../ in a filename, as demonstrated by overwriting the /root/.ssh/authorized_keys file. This occurs in _download_http_url in _internal/download.py."
              type=""
            >Update pip (1.3.0), vulnerable versions: &lt;19.2</failure>
        </testcase>
        <testcase name="dependancy-ignored-pip-failure-3" classname="dependancy-ignored-pip">
            <skipped message="ignored:The resolve_redirects function in sessions.py in requests 2.1.0 through 2.5.3 allows remote attackers to conduct session fixation attacks via a cookie without a host value in a redirect. &lt;a href=&quot;http://cwe.mitre.org/data/definitions/384.html&quot;&gt;CWE-384: Session Fixation&lt;/a&gt;Update pip (1.3.0), vulnerable versions: &lt;6.1.0"></skipped>        </testcase>
        <testcase name="Found Hardcoded &apos;Password in URL&apos; Pattern-failure-4" classname="Found Hardcoded &apos;Password in URL&apos; Pattern">
            <failure message="Found Hardcoded &apos;Password in URL&apos; Pattern in __fixture__&#92;secrets&#92;all_the_hard_coded_secrets.py"
              type=""
            >Investigate
 __fixture__&#92;secrets&#92;all_the_hard_coded_secrets.py
 Line 1 for &apos;Password in URL&apos; strings
 Full Match: 1 SERVER_LOCATION =
 https://username:password@localhost:1234</failure>
        </testcase>
    </testsuite>

</testsuites>
